mode: count
github.com/mpolatcan/ccbell/internal/audio/player.go:48.80,50.20 2 5
github.com/mpolatcan/ccbell/internal/audio/player.go:51.16,52.29 1 1
github.com/mpolatcan/ccbell/internal/audio/player.go:53.15,54.35 1 1
github.com/mpolatcan/ccbell/internal/audio/player.go:55.13,56.87 1 1
github.com/mpolatcan/ccbell/internal/audio/player.go:57.16,58.95 1 1
github.com/mpolatcan/ccbell/internal/audio/player.go:59.10,60.13 1 1
github.com/mpolatcan/ccbell/internal/audio/player.go:74.43,79.2 1 19
github.com/mpolatcan/ccbell/internal/audio/player.go:82.32,83.22 1 20
github.com/mpolatcan/ccbell/internal/audio/player.go:84.16,85.23 1 20
github.com/mpolatcan/ccbell/internal/audio/player.go:86.15,87.23 1 0
github.com/mpolatcan/ccbell/internal/audio/player.go:88.10,89.25 1 0
github.com/mpolatcan/ccbell/internal/audio/player.go:94.63,95.21 1 3
github.com/mpolatcan/ccbell/internal/audio/player.go:95.21,97.3 1 1
github.com/mpolatcan/ccbell/internal/audio/player.go:99.2,99.54 1 2
github.com/mpolatcan/ccbell/internal/audio/player.go:99.54,101.3 1 1
github.com/mpolatcan/ccbell/internal/audio/player.go:103.2,103.20 1 1
github.com/mpolatcan/ccbell/internal/audio/player.go:104.21,105.40 1 0
github.com/mpolatcan/ccbell/internal/audio/player.go:106.21,107.40 1 0
github.com/mpolatcan/ccbell/internal/audio/player.go:108.23,109.60 1 1
github.com/mpolatcan/ccbell/internal/audio/player.go:110.10,111.56 1 0
github.com/mpolatcan/ccbell/internal/audio/player.go:116.68,119.2 2 1
github.com/mpolatcan/ccbell/internal/audio/player.go:122.68,123.51 1 0
github.com/mpolatcan/ccbell/internal/audio/player.go:123.51,124.54 1 0
github.com/mpolatcan/ccbell/internal/audio/player.go:124.54,128.4 3 0
github.com/mpolatcan/ccbell/internal/audio/player.go:131.2,131.92 1 0
github.com/mpolatcan/ccbell/internal/audio/player.go:139.80,140.21 1 9
github.com/mpolatcan/ccbell/internal/audio/player.go:140.21,142.3 1 1
github.com/mpolatcan/ccbell/internal/audio/player.go:144.2,144.9 1 9
github.com/mpolatcan/ccbell/internal/audio/player.go:145.48,146.74 1 4
github.com/mpolatcan/ccbell/internal/audio/player.go:148.47,149.72 1 3
github.com/mpolatcan/ccbell/internal/audio/player.go:151.10,153.41 1 2
github.com/mpolatcan/ccbell/internal/audio/player.go:158.66,160.27 1 9
github.com/mpolatcan/ccbell/internal/audio/player.go:160.27,162.3 1 3
github.com/mpolatcan/ccbell/internal/audio/player.go:165.2,165.34 1 6
github.com/mpolatcan/ccbell/internal/audio/player.go:165.34,167.3 1 2
github.com/mpolatcan/ccbell/internal/audio/player.go:170.2,170.41 1 4
github.com/mpolatcan/ccbell/internal/audio/player.go:170.41,172.3 1 1
github.com/mpolatcan/ccbell/internal/audio/player.go:174.2,174.18 1 3
github.com/mpolatcan/ccbell/internal/audio/player.go:179.67,181.46 1 11
github.com/mpolatcan/ccbell/internal/audio/player.go:181.46,183.3 1 7
github.com/mpolatcan/ccbell/internal/audio/player.go:185.2,187.50 2 4
github.com/mpolatcan/ccbell/internal/audio/player.go:187.50,189.3 1 2
github.com/mpolatcan/ccbell/internal/audio/player.go:191.2,191.18 1 2
github.com/mpolatcan/ccbell/internal/audio/player.go:196.59,199.42 2 3
github.com/mpolatcan/ccbell/internal/audio/player.go:199.42,201.3 1 1
github.com/mpolatcan/ccbell/internal/audio/player.go:204.2,205.42 2 2
github.com/mpolatcan/ccbell/internal/audio/player.go:205.42,207.3 1 1
github.com/mpolatcan/ccbell/internal/audio/player.go:209.2,209.11 1 1
github.com/mpolatcan/ccbell/internal/audio/player.go:213.38,215.2 1 3
github.com/mpolatcan/ccbell/internal/audio/player.go:218.40,219.20 1 3
github.com/mpolatcan/ccbell/internal/audio/player.go:220.21,222.20 2 2
github.com/mpolatcan/ccbell/internal/audio/player.go:223.21,224.48 1 0
github.com/mpolatcan/ccbell/internal/audio/player.go:224.48,225.51 1 0
github.com/mpolatcan/ccbell/internal/audio/player.go:225.51,227.5 1 0
github.com/mpolatcan/ccbell/internal/audio/player.go:229.3,229.15 1 0
github.com/mpolatcan/ccbell/internal/audio/player.go:230.23,231.15 1 1
github.com/mpolatcan/ccbell/internal/audio/player.go:232.10,233.15 1 0
github.com/mpolatcan/ccbell/internal/audio/player.go:238.34,239.34 1 9
github.com/mpolatcan/ccbell/internal/audio/player.go:239.34,240.46 1 63
github.com/mpolatcan/ccbell/internal/audio/player.go:240.46,242.4 1 0
github.com/mpolatcan/ccbell/internal/audio/player.go:244.2,244.11 1 9
github.com/mpolatcan/ccbell/internal/audio/player.go:248.46,250.14 2 6
github.com/mpolatcan/ccbell/internal/audio/player.go:250.14,252.3 1 6
github.com/mpolatcan/ccbell/internal/audio/player.go:254.2,256.15 3 0
github.com/mpolatcan/ccbell/internal/audio/player.go:256.15,258.3 1 0
github.com/mpolatcan/ccbell/internal/audio/player.go:260.2,264.18 4 0
github.com/mpolatcan/ccbell/internal/audio/player.go:268.54,270.47 1 1
github.com/mpolatcan/ccbell/internal/audio/player.go:270.47,271.50 1 4
github.com/mpolatcan/ccbell/internal/audio/player.go:271.50,273.4 1 0
github.com/mpolatcan/ccbell/internal/audio/player.go:277.2,277.47 1 1
github.com/mpolatcan/ccbell/internal/audio/player.go:277.47,278.52 1 4
github.com/mpolatcan/ccbell/internal/audio/player.go:278.52,279.51 1 0
github.com/mpolatcan/ccbell/internal/audio/player.go:279.51,281.5 1 0
github.com/mpolatcan/ccbell/internal/audio/player.go:285.2,285.102 1 1
